#
# There is insufficient memory for the Java Runtime Environment to continue.
# Native memory allocation (malloc) failed to allocate 1699296 bytes for Chunk::new
# Possible reasons:
#   The system is out of physical RAM or swap space
#   The process is running with CompressedOops enabled, and the Java Heap may be blocking the growth of the native heap
# Possible solutions:
#   Reduce memory load on the system
#   Increase physical memory or swap space
#   Check if swap backing store is full
#   Decrease Java heap size (-Xmx/-Xms)
#   Decrease number of Java threads
#   Decrease Java thread stack sizes (-Xss)
#   Set larger code cache with -XX:ReservedCodeCacheSize=
#   JVM is running with Unscaled Compressed Oops mode in which the Java heap is
#     placed in the first 4GB address space. The Java Heap base address is the
#     maximum limit for the native heap growth. Please use -XX:HeapBaseMinAddress
#     to set the Java Heap base and to place the Java Heap above 4GB virtual address.
# This output file may be truncated or incomplete.
#
#  Out of Memory Error (arena.cpp:166), pid=10456, tid=1948
#
# JRE version: Java(TM) SE Runtime Environment (21.0+35) (build 21+35-LTS-2513)
# Java VM: Java HotSpot(TM) 64-Bit Server VM (21+35-LTS-2513, mixed mode, sharing, tiered, compressed oops, compressed class ptrs, g1 gc, windows-amd64)
# No core dump will be written. Minidumps are not enabled by default on client versions of Windows
#

---------------  S U M M A R Y ------------

Command Line: --add-opens=java.base/java.lang=ALL-UNNAMED --add-opens=java.base/java.lang.invoke=ALL-UNNAMED --add-opens=java.base/java.util=ALL-UNNAMED --add-opens=java.prefs/java.util.prefs=ALL-UNNAMED --add-exports=jdk.compiler/com.sun.tools.javac.api=ALL-UNNAMED --add-exports=jdk.compiler/com.sun.tools.javac.util=ALL-UNNAMED --add-opens=java.base/java.util=ALL-UNNAMED --add-opens=java.prefs/java.util.prefs=ALL-UNNAMED --add-opens=java.base/java.nio.charset=ALL-UNNAMED --add-opens=java.base/java.net=ALL-UNNAMED --add-opens=java.base/java.util.concurrent.atomic=ALL-UNNAMED --add-opens=java.xml/javax.xml.namespace=ALL-UNNAMED -Xmx2048m -Dfile.encoding=UTF-8 -Duser.country=US -Duser.language=en -Duser.variant -javaagent:C:\Users\Admin\.gradle\wrapper\dists\gradle-8.13-bin\5xuhj0ry160q40clulazy9h7d\gradle-8.13\lib\agents\gradle-instrumentation-agent-8.13.jar org.gradle.launcher.daemon.bootstrap.GradleDaemon 8.13

Host: 12th Gen Intel(R) Core(TM) i5-12500H, 16 cores, 15G,  Windows 11 , 64 bit Build 26100 (10.0.26100.4202)
Time: Mon Jul 21 01:36:16 2025 SE Asia Standard Time elapsed time: 8.834976 seconds (0d 0h 0m 8s)

---------------  T H R E A D  ---------------

Current thread (0x00000281993db5c0):  JavaThread "C2 CompilerThread2" daemon [_thread_in_native, id=1948, stack(0x000000e9d4000000,0x000000e9d4100000) (1024K)]


Current CompileTask:
C2:   8835 4462       4       groovyjarjarantlr4.v4.runtime.atn.PredictionContext::join (569 bytes)

Stack: [0x000000e9d4000000,0x000000e9d4100000]
Native frames: (J=compiled Java code, j=interpreted, Vv=VM code, C=native code)
V  [jvm.dll+0x6c8d39]
V  [jvm.dll+0x854091]
V  [jvm.dll+0x85630e]
V  [jvm.dll+0x8569e3]
V  [jvm.dll+0x2809a6]
V  [jvm.dll+0xc3e6d]
V  [jvm.dll+0xc4383]
V  [jvm.dll+0x3b551c]
V  [jvm.dll+0x382245]
V  [jvm.dll+0x3816ba]
V  [jvm.dll+0x249800]
V  [jvm.dll+0x248de1]
V  [jvm.dll+0x1c9b91]
V  [jvm.dll+0x2583e9]
V  [jvm.dll+0x2569ca]
V  [jvm.dll+0x3eef66]
V  [jvm.dll+0x7fd2c8]
V  [jvm.dll+0x6c748d]
C  [ucrtbase.dll+0x37b0]
C  [KERNEL32.DLL+0x2e8d7]
C  [ntdll.dll+0x3c34c]


---------------  P R O C E S S  ---------------

Threads class SMR info:
_java_thread_list=0x0000028198bdb100, length=34, elements={
0x000002813001e930, 0x000002814ecb2f10, 0x000002814ecb7a80, 0x000002814ecbced0,
0x000002814ecbe200, 0x000002814ecbfda0, 0x000002814ecc10d0, 0x000002814ecc1f90,
0x000002814ecc77f0, 0x000002814f9193b0, 0x000002814f929f20, 0x000002814f9e76a0,
0x000002814fad99b0, 0x00000281957f6fa0, 0x0000028195e54560, 0x000002819611d380,
0x0000028196ff9f40, 0x0000028196fdc6b0, 0x0000028196f4b290, 0x0000028196f4caa0,
0x0000028196e31a50, 0x0000028196e4d200, 0x0000028196e4f390, 0x0000028196e4fa20,
0x0000028196e52180, 0x0000028196e50740, 0x0000028196e51af0, 0x0000028196e4ed00,
0x0000028196e50dd0, 0x0000028196e51460, 0x00000281975f4b40, 0x00000281975f2a70,
0x00000281993db5c0, 0x00000281975f1d50
}

Java Threads: ( => current thread )
  0x000002813001e930 JavaThread "main"                              [_thread_blocked, id=14416, stack(0x000000e9d2c00000,0x000000e9d2d00000) (1024K)]
  0x000002814ecb2f10 JavaThread "Reference Handler"          daemon [_thread_blocked, id=14176, stack(0x000000e9d3400000,0x000000e9d3500000) (1024K)]
  0x000002814ecb7a80 JavaThread "Finalizer"                  daemon [_thread_blocked, id=15264, stack(0x000000e9d3500000,0x000000e9d3600000) (1024K)]
  0x000002814ecbced0 JavaThread "Signal Dispatcher"          daemon [_thread_blocked, id=15980, stack(0x000000e9d3600000,0x000000e9d3700000) (1024K)]
  0x000002814ecbe200 JavaThread "Attach Listener"            daemon [_thread_blocked, id=16232, stack(0x000000e9d3700000,0x000000e9d3800000) (1024K)]
  0x000002814ecbfda0 JavaThread "Service Thread"             daemon [_thread_blocked, id=19188, stack(0x000000e9d3800000,0x000000e9d3900000) (1024K)]
  0x000002814ecc10d0 JavaThread "Monitor Deflation Thread"   daemon [_thread_blocked, id=2748, stack(0x000000e9d3900000,0x000000e9d3a00000) (1024K)]
  0x000002814ecc1f90 JavaThread "C2 CompilerThread0"         daemon [_thread_blocked, id=17628, stack(0x000000e9d3a00000,0x000000e9d3b00000) (1024K)]
  0x000002814ecc77f0 JavaThread "C1 CompilerThread0"         daemon [_thread_blocked, id=15392, stack(0x000000e9d3b00000,0x000000e9d3c00000) (1024K)]
  0x000002814f9193b0 JavaThread "Common-Cleaner"             daemon [_thread_blocked, id=8476, stack(0x000000e9d3c00000,0x000000e9d3d00000) (1024K)]
  0x000002814f929f20 JavaThread "C1 CompilerThread1"         daemon [_thread_blocked, id=3128, stack(0x000000e9d3d00000,0x000000e9d3e00000) (1024K)]
  0x000002814f9e76a0 JavaThread "Notification Thread"        daemon [_thread_blocked, id=7632, stack(0x000000e9d3e00000,0x000000e9d3f00000) (1024K)]
  0x000002814fad99b0 JavaThread "C2 CompilerThread1"         daemon [_thread_in_native, id=6212, stack(0x000000e9d3f00000,0x000000e9d4000000) (1024K)]
  0x00000281957f6fa0 JavaThread "C1 CompilerThread2"         daemon [_thread_blocked, id=6956, stack(0x000000e9d4800000,0x000000e9d4900000) (1024K)]
  0x0000028195e54560 JavaThread "C1 CompilerThread3"         daemon [_thread_blocked, id=15520, stack(0x000000e9d4900000,0x000000e9d4a00000) (1024K)]
  0x000002819611d380 JavaThread "Daemon health stats"               [_thread_blocked, id=2360, stack(0x000000e9d4a00000,0x000000e9d4b00000) (1024K)]
  0x0000028196ff9f40 JavaThread "Incoming local TCP Connector on port 52109"        [_thread_in_native, id=4116, stack(0x000000e9d4e00000,0x000000e9d4f00000) (1024K)]
  0x0000028196fdc6b0 JavaThread "Daemon periodic checks"            [_thread_blocked, id=10536, stack(0x000000e9d4f00000,0x000000e9d5000000) (1024K)]
  0x0000028196f4b290 JavaThread "Daemon"                            [_thread_blocked, id=16156, stack(0x000000e9d5000000,0x000000e9d5100000) (1024K)]
  0x0000028196f4caa0 JavaThread "Handler for socket connection from /127.0.0.1:52109 to /127.0.0.1:52110"        [_thread_in_native, id=3068, stack(0x000000e9d5100000,0x000000e9d5200000) (1024K)]
  0x0000028196e31a50 JavaThread "Cancel handler"                    [_thread_blocked, id=1908, stack(0x000000e9d5200000,0x000000e9d5300000) (1024K)]
  0x0000028196e4d200 JavaThread "Daemon worker"                     [_thread_in_Java, id=4824, stack(0x000000e9d5300000,0x000000e9d5400000) (1024K)]
  0x0000028196e4f390 JavaThread "Asynchronous log dispatcher for DefaultDaemonConnection: socket connection from /127.0.0.1:52109 to /127.0.0.1:52110"        [_thread_blocked, id=15080, stack(0x000000e9d5400000,0x000000e9d5500000) (1024K)]
  0x0000028196e4fa20 JavaThread "Stdin handler"                     [_thread_blocked, id=7368, stack(0x000000e9d5500000,0x000000e9d5600000) (1024K)]
  0x0000028196e52180 JavaThread "Daemon client event forwarder"        [_thread_blocked, id=16836, stack(0x000000e9d5600000,0x000000e9d5700000) (1024K)]
  0x0000028196e50740 JavaThread "Cache worker for journal cache (C:\Users\Admin\.gradle\caches\journal-1)"        [_thread_blocked, id=18912, stack(0x000000e9d5700000,0x000000e9d5800000) (1024K)]
  0x0000028196e51af0 JavaThread "File lock request listener"        [_thread_in_native, id=3728, stack(0x000000e9d5800000,0x000000e9d5900000) (1024K)]
  0x0000028196e4ed00 JavaThread "Cache worker for file hash cache (C:\Users\Admin\.gradle\caches\8.13\fileHashes)"        [_thread_blocked, id=15448, stack(0x000000e9d5900000,0x000000e9d5a00000) (1024K)]
  0x0000028196e50dd0 JavaThread "Cache worker for file hash cache (D:\Todo_App\.gradle\8.13\fileHashes)"        [_thread_blocked, id=6892, stack(0x000000e9d4100000,0x000000e9d4200000) (1024K)]
  0x0000028196e51460 JavaThread "Cache worker for Build Output Cleanup Cache (D:\Todo_App\.gradle\buildOutputCleanup)"        [_thread_blocked, id=16680, stack(0x000000e9d5f00000,0x000000e9d6000000) (1024K)]
  0x00000281975f4b40 JavaThread "File watcher server"        daemon [_thread_in_native, id=18656, stack(0x000000e9d6000000,0x000000e9d6100000) (1024K)]
  0x00000281975f2a70 JavaThread "File watcher consumer"      daemon [_thread_blocked, id=9204, stack(0x000000e9d6100000,0x000000e9d6200000) (1024K)]
=>0x00000281993db5c0 JavaThread "C2 CompilerThread2"         daemon [_thread_in_native, id=1948, stack(0x000000e9d4000000,0x000000e9d4100000) (1024K)]
  0x00000281975f1d50 JavaThread "File lock release action executor"        [_thread_blocked, id=14260, stack(0x000000e9d6400000,0x000000e9d6500000) (1024K)]
Total: 34

Other Threads:
  0x000002814ec92fe0 VMThread "VM Thread"                           [id=18204, stack(0x000000e9d3300000,0x000000e9d3400000) (1024K)]
  0x000002814ec7ba40 WatcherThread "VM Periodic Task Thread"        [id=1500, stack(0x000000e9d3200000,0x000000e9d3300000) (1024K)]
  0x00000281300de810 WorkerThread "GC Thread#0"                     [id=12972, stack(0x000000e9d2d00000,0x000000e9d2e00000) (1024K)]
  0x00000281951d6f60 WorkerThread "GC Thread#1"                     [id=15888, stack(0x000000e9d4300000,0x000000e9d4400000) (1024K)]
  0x0000028195038480 WorkerThread "GC Thread#2"                     [id=3004, stack(0x000000e9d4400000,0x000000e9d4500000) (1024K)]
  0x00000281955fe440 WorkerThread "GC Thread#3"                     [id=8456, stack(0x000000e9d4500000,0x000000e9d4600000) (1024K)]
  0x000002814fb889f0 WorkerThread "GC Thread#4"                     [id=12024, stack(0x000000e9d4600000,0x000000e9d4700000) (1024K)]
  0x0000028195531190 WorkerThread "GC Thread#5"                     [id=14244, stack(0x000000e9d4700000,0x000000e9d4800000) (1024K)]
  0x0000028196cf38b0 WorkerThread "GC Thread#6"                     [id=18108, stack(0x000000e9d4b00000,0x000000e9d4c00000) (1024K)]
  0x00000281966067d0 WorkerThread "GC Thread#7"                     [id=7668, stack(0x000000e9d4c00000,0x000000e9d4d00000) (1024K)]
  0x0000028196606b70 WorkerThread "GC Thread#8"                     [id=13256, stack(0x000000e9d4d00000,0x000000e9d4e00000) (1024K)]
  0x0000028196d89d80 WorkerThread "GC Thread#9"                     [id=11172, stack(0x000000e9d4200000,0x000000e9d4300000) (1024K)]
  0x0000028196d8a120 WorkerThread "GC Thread#10"                    [id=15124, stack(0x000000e9d5a00000,0x000000e9d5b00000) (1024K)]
  0x0000028196d8a860 WorkerThread "GC Thread#11"                    [id=7208, stack(0x000000e9d5b00000,0x000000e9d5c00000) (1024K)]
  0x00000281974a79c0 WorkerThread "GC Thread#12"                    [id=7108, stack(0x000000e9d5c00000,0x000000e9d5d00000) (1024K)]
  0x000002813234d220 ConcurrentGCThread "G1 Main Marker"            [id=14476, stack(0x000000e9d2e00000,0x000000e9d2f00000) (1024K)]
  0x000002813234e9b0 WorkerThread "G1 Conc#0"                       [id=4476, stack(0x000000e9d2f00000,0x000000e9d3000000) (1024K)]
  0x00000281974a6b40 WorkerThread "G1 Conc#1"                       [id=15588, stack(0x000000e9d5d00000,0x000000e9d5e00000) (1024K)]
  0x00000281974a6060 WorkerThread "G1 Conc#2"                       [id=6208, stack(0x000000e9d5e00000,0x000000e9d5f00000) (1024K)]
  0x000002814ebc7380 ConcurrentGCThread "G1 Refine#0"               [id=5136, stack(0x000000e9d3000000,0x000000e9d3100000) (1024K)]
  0x000002814ebc8cb0 ConcurrentGCThread "G1 Service"                [id=13024, stack(0x000000e9d3100000,0x000000e9d3200000) (1024K)]
Total: 21

Threads with active compile tasks:
C2 CompilerThread1     8845 4816       4       sun.instrument.InstrumentationImpl::transform (73 bytes)
C2 CompilerThread2     8845 4462       4       groovyjarjarantlr4.v4.runtime.atn.PredictionContext::join (569 bytes)
Total: 2

VM state: not at safepoint (normal execution)

VM Mutex/Monitor currently owned by a thread: None

Heap address: 0x0000000080000000, size: 2048 MB, Compressed Oops mode: 32-bit

CDS archive(s) mapped at: [0x0000028150000000-0x0000028150c90000-0x0000028150c90000), size 13172736, SharedBaseAddress: 0x0000028150000000, ArchiveRelocationMode: 1.
Compressed class space mapped at: 0x0000028151000000-0x0000028191000000, reserved size: 1073741824
Narrow klass base: 0x0000028150000000, Narrow klass shift: 0, Narrow klass range: 0x100000000

GC Precious Log:
 CardTable entry size: 512
 Card Set container configuration: InlinePtr #cards 5 size 8 Array Of Cards #cards 12 size 40 Howl #buckets 4 coarsen threshold 1843 Howl Bitmap #cards 512 size 80 coarsen threshold 460 Card regions per heap region 1 cards per card region 2048
 CPUs: 16 total, 16 available
 Memory: 16176M
 Large Page Support: Disabled
 NUMA Support: Disabled
 Compressed Oops: Enabled (32-bit)
 Heap Region Size: 1M
 Heap Min Capacity: 8M
 Heap Initial Capacity: 254M
 Heap Max Capacity: 2G
 Pre-touch: Disabled
 Parallel Workers: 13
 Concurrent Workers: 3
 Concurrent Refinement Workers: 13
 Periodic GC: Disabled

Heap:
 garbage-first heap   total 105472K, used 55459K [0x0000000080000000, 0x0000000100000000)
  region size 1024K, 32 young (32768K), 7 survivors (7168K)
 Metaspace       used 33685K, committed 34688K, reserved 1114112K
  class space    used 4866K, committed 5312K, reserved 1048576K

Heap Regions: E=young(eden), S=young(survivor), O=old, HS=humongous(starts), HC=humongous(continues), CS=collection set, F=free, TAMS=top-at-mark-start, PB=parsable bottom
|   0|0x0000000080000000, 0x0000000080100000, 0x0000000080100000|100%|HS|  |TAMS 0x0000000080000000| PB 0x0000000080000000| Complete 
|   1|0x0000000080100000, 0x0000000080200000, 0x0000000080200000|100%|HC|  |TAMS 0x0000000080100000| PB 0x0000000080100000| Complete 
|   2|0x0000000080200000, 0x0000000080300000, 0x0000000080300000|100%|HC|  |TAMS 0x0000000080200000| PB 0x0000000080200000| Complete 
|   3|0x0000000080300000, 0x0000000080400000, 0x0000000080400000|100%| O|  |TAMS 0x0000000080300000| PB 0x0000000080300000| Untracked 
|   4|0x0000000080400000, 0x0000000080500000, 0x0000000080500000|100%| O|  |TAMS 0x0000000080400000| PB 0x0000000080400000| Untracked 
|   5|0x0000000080500000, 0x0000000080600000, 0x0000000080600000|100%| O|  |TAMS 0x0000000080500000| PB 0x0000000080500000| Untracked 
|   6|0x0000000080600000, 0x0000000080700000, 0x0000000080700000|100%|HS|  |TAMS 0x0000000080600000| PB 0x0000000080600000| Complete 
|   7|0x0000000080700000, 0x0000000080800000, 0x0000000080800000|100%| O|  |TAMS 0x0000000080700000| PB 0x0000000080700000| Untracked 
|   8|0x0000000080800000, 0x0000000080900000, 0x0000000080900000|100%| O|  |TAMS 0x0000000080800000| PB 0x0000000080800000| Untracked 
|   9|0x0000000080900000, 0x0000000080a00000, 0x0000000080a00000|100%| O|  |TAMS 0x0000000080900000| PB 0x0000000080900000| Untracked 
|  10|0x0000000080a00000, 0x0000000080b00000, 0x0000000080b00000|100%| O|  |TAMS 0x0000000080a00000| PB 0x0000000080a00000| Untracked 
|  11|0x0000000080b00000, 0x0000000080c00000, 0x0000000080c00000|100%| O|  |TAMS 0x0000000080b00000| PB 0x0000000080b00000| Untracked 
|  12|0x0000000080c00000, 0x0000000080c00000, 0x0000000080d00000|  0%| F|  |TAMS 0x0000000080c00000| PB 0x0000000080c00000| Untracked 
|  13|0x0000000080d00000, 0x0000000080e00000, 0x0000000080e00000|100%| O|  |TAMS 0x0000000080d00000| PB 0x0000000080d00000| Untracked 
|  14|0x0000000080e00000, 0x0000000080f00000, 0x0000000080f00000|100%| O|  |TAMS 0x0000000080e00000| PB 0x0000000080e00000| Untracked 
|  15|0x0000000080f00000, 0x0000000081000000, 0x0000000081000000|100%| O|  |TAMS 0x0000000080f00000| PB 0x0000000080f00000| Untracked 
|  16|0x0000000081000000, 0x0000000081100000, 0x0000000081100000|100%| O|  |TAMS 0x0000000081000000| PB 0x0000000081000000| Untracked 
|  17|0x0000000081100000, 0x0000000081200000, 0x0000000081200000|100%| O|  |TAMS 0x0000000081100000| PB 0x0000000081100000| Untracked 
|  18|0x0000000081200000, 0x00000000812422f8, 0x0000000081300000| 25%| O|  |TAMS 0x0000000081200000| PB 0x0000000081200000| Untracked 
|  19|0x0000000081300000, 0x0000000081300000, 0x0000000081400000|  0%| F|  |TAMS 0x0000000081300000| PB 0x0000000081300000| Untracked 
|  20|0x0000000081400000, 0x0000000081400000, 0x0000000081500000|  0%| F|  |TAMS 0x0000000081400000| PB 0x0000000081400000| Untracked 
|  21|0x0000000081500000, 0x0000000081500000, 0x0000000081600000|  0%| F|  |TAMS 0x0000000081500000| PB 0x0000000081500000| Untracked 
|  22|0x0000000081600000, 0x0000000081600000, 0x0000000081700000|  0%| F|  |TAMS 0x0000000081600000| PB 0x0000000081600000| Untracked 
|  23|0x0000000081700000, 0x0000000081700000, 0x0000000081800000|  0%| F|  |TAMS 0x0000000081700000| PB 0x0000000081700000| Untracked 
|  24|0x0000000081800000, 0x0000000081800000, 0x0000000081900000|  0%| F|  |TAMS 0x0000000081800000| PB 0x0000000081800000| Untracked 
|  25|0x0000000081900000, 0x0000000081900000, 0x0000000081a00000|  0%| F|  |TAMS 0x0000000081900000| PB 0x0000000081900000| Untracked 
|  26|0x0000000081a00000, 0x0000000081a00000, 0x0000000081b00000|  0%| F|  |TAMS 0x0000000081a00000| PB 0x0000000081a00000| Untracked 
|  27|0x0000000081b00000, 0x0000000081b00000, 0x0000000081c00000|  0%| F|  |TAMS 0x0000000081b00000| PB 0x0000000081b00000| Untracked 
|  28|0x0000000081c00000, 0x0000000081c00000, 0x0000000081d00000|  0%| F|  |TAMS 0x0000000081c00000| PB 0x0000000081c00000| Untracked 
|  29|0x0000000081d00000, 0x0000000081de6970, 0x0000000081e00000| 90%| S|CS|TAMS 0x0000000081d00000| PB 0x0000000081d00000| Complete 
|  30|0x0000000081e00000, 0x0000000081f00000, 0x0000000081f00000|100%| S|CS|TAMS 0x0000000081e00000| PB 0x0000000081e00000| Complete 
|  31|0x0000000081f00000, 0x0000000082000000, 0x0000000082000000|100%| S|CS|TAMS 0x0000000081f00000| PB 0x0000000081f00000| Complete 
|  32|0x0000000082000000, 0x0000000082100000, 0x0000000082100000|100%| S|CS|TAMS 0x0000000082000000| PB 0x0000000082000000| Complete 
|  33|0x0000000082100000, 0x0000000082200000, 0x0000000082200000|100%| S|CS|TAMS 0x0000000082100000| PB 0x0000000082100000| Complete 
|  34|0x0000000082200000, 0x0000000082300000, 0x0000000082300000|100%| S|CS|TAMS 0x0000000082200000| PB 0x0000000082200000| Complete 
|  35|0x0000000082300000, 0x0000000082400000, 0x0000000082400000|100%| S|CS|TAMS 0x0000000082300000| PB 0x0000000082300000| Complete 
|  36|0x0000000082400000, 0x0000000082400000, 0x0000000082500000|  0%| F|  |TAMS 0x0000000082400000| PB 0x0000000082400000| Untracked 
|  37|0x0000000082500000, 0x0000000082500000, 0x0000000082600000|  0%| F|  |TAMS 0x0000000082500000| PB 0x0000000082500000| Untracked 
|  38|0x0000000082600000, 0x0000000082600000, 0x0000000082700000|  0%| F|  |TAMS 0x0000000082600000| PB 0x0000000082600000| Untracked 
|  39|0x0000000082700000, 0x0000000082700000, 0x0000000082800000|  0%| F|  |TAMS 0x0000000082700000| PB 0x0000000082700000| Untracked 
|  40|0x0000000082800000, 0x0000000082800000, 0x0000000082900000|  0%| F|  |TAMS 0x0000000082800000| PB 0x0000000082800000| Untracked 
|  41|0x0000000082900000, 0x0000000082900000, 0x0000000082a00000|  0%| F|  |TAMS 0x0000000082900000| PB 0x0000000082900000| Untracked 
|  42|0x0000000082a00000, 0x0000000082a00000, 0x0000000082b00000|  0%| F|  |TAMS 0x0000000082a00000| PB 0x0000000082a00000| Untracked 
|  43|0x0000000082b00000, 0x0000000082b00000, 0x0000000082c00000|  0%| F|  |TAMS 0x0000000082b00000| PB 0x0000000082b00000| Untracked 
|  44|0x0000000082c00000, 0x0000000082c00000, 0x0000000082d00000|  0%| F|  |TAMS 0x0000000082c00000| PB 0x0000000082c00000| Untracked 
|  45|0x0000000082d00000, 0x0000000082d00000, 0x0000000082e00000|  0%| F|  |TAMS 0x0000000082d00000| PB 0x0000000082d00000| Untracked 
|  46|0x0000000082e00000, 0x0000000082e00000, 0x0000000082f00000|  0%| F|  |TAMS 0x0000000082e00000| PB 0x0000000082e00000| Untracked 
|  47|0x0000000082f00000, 0x0000000082f00000, 0x0000000083000000|  0%| F|  |TAMS 0x0000000082f00000| PB 0x0000000082f00000| Untracked 
|  48|0x0000000083000000, 0x0000000083000000, 0x0000000083100000|  0%| F|  |TAMS 0x0000000083000000| PB 0x0000000083000000| Untracked 
|  49|0x0000000083100000, 0x0000000083100000, 0x0000000083200000|  0%| F|  |TAMS 0x0000000083100000| PB 0x0000000083100000| Untracked 
|  50|0x0000000083200000, 0x0000000083200000, 0x0000000083300000|  0%| F|  |TAMS 0x0000000083200000| PB 0x0000000083200000| Untracked 
|  51|0x0000000083300000, 0x0000000083300000, 0x0000000083400000|  0%| F|  |TAMS 0x0000000083300000| PB 0x0000000083300000| Untracked 
|  52|0x0000000083400000, 0x0000000083400000, 0x0000000083500000|  0%| F|  |TAMS 0x0000000083400000| PB 0x0000000083400000| Untracked 
|  53|0x0000000083500000, 0x0000000083500000, 0x0000000083600000|  0%| F|  |TAMS 0x0000000083500000| PB 0x0000000083500000| Untracked 
|  54|0x0000000083600000, 0x0000000083600000, 0x0000000083700000|  0%| F|  |TAMS 0x0000000083600000| PB 0x0000000083600000| Untracked 
|  55|0x0000000083700000, 0x0000000083700000, 0x0000000083800000|  0%| F|  |TAMS 0x0000000083700000| PB 0x0000000083700000| Untracked 
|  56|0x0000000083800000, 0x0000000083800000, 0x0000000083900000|  0%| F|  |TAMS 0x0000000083800000| PB 0x0000000083800000| Untracked 
|  57|0x0000000083900000, 0x0000000083900000, 0x0000000083a00000|  0%| F|  |TAMS 0x0000000083900000| PB 0x0000000083900000| Untracked 
|  58|0x0000000083a00000, 0x0000000083a00000, 0x0000000083b00000|  0%| F|  |TAMS 0x0000000083a00000| PB 0x0000000083a00000| Untracked 
|  59|0x0000000083b00000, 0x0000000083b00000, 0x0000000083c00000|  0%| F|  |TAMS 0x0000000083b00000| PB 0x0000000083b00000| Untracked 
|  60|0x0000000083c00000, 0x0000000083c00000, 0x0000000083d00000|  0%| F|  |TAMS 0x0000000083c00000| PB 0x0000000083c00000| Untracked 
|  61|0x0000000083d00000, 0x0000000083d00000, 0x0000000083e00000|  0%| F|  |TAMS 0x0000000083d00000| PB 0x0000000083d00000| Untracked 
|  62|0x0000000083e00000, 0x0000000083e00000, 0x0000000083f00000|  0%| F|  |TAMS 0x0000000083e00000| PB 0x0000000083e00000| Untracked 
|  63|0x0000000083f00000, 0x0000000083f00000, 0x0000000084000000|  0%| F|  |TAMS 0x0000000083f00000| PB 0x0000000083f00000| Untracked 
|  64|0x0000000084000000, 0x0000000084000000, 0x0000000084100000|  0%| F|  |TAMS 0x0000000084000000| PB 0x0000000084000000| Untracked 
|  65|0x0000000084100000, 0x0000000084100000, 0x0000000084200000|  0%| F|  |TAMS 0x0000000084100000| PB 0x0000000084100000| Untracked 
|  66|0x0000000084200000, 0x0000000084200000, 0x0000000084300000|  0%| F|  |TAMS 0x0000000084200000| PB 0x0000000084200000| Untracked 
|  67|0x0000000084300000, 0x0000000084300000, 0x0000000084400000|  0%| F|  |TAMS 0x0000000084300000| PB 0x0000000084300000| Untracked 
|  68|0x0000000084400000, 0x0000000084400000, 0x0000000084500000|  0%| F|  |TAMS 0x0000000084400000| PB 0x0000000084400000| Untracked 
|  69|0x0000000084500000, 0x0000000084500000, 0x0000000084600000|  0%| F|  |TAMS 0x0000000084500000| PB 0x0000000084500000| Untracked 
|  70|0x0000000084600000, 0x0000000084600000, 0x0000000084700000|  0%| F|  |TAMS 0x0000000084600000| PB 0x0000000084600000| Untracked 
|  71|0x0000000084700000, 0x0000000084700000, 0x0000000084800000|  0%| F|  |TAMS 0x0000000084700000| PB 0x0000000084700000| Untracked 
|  72|0x0000000084800000, 0x0000000084881c10, 0x0000000084900000| 50%| E|  |TAMS 0x0000000084800000| PB 0x0000000084800000| Complete 
|  73|0x0000000084900000, 0x0000000084a00000, 0x0000000084a00000|100%| E|CS|TAMS 0x0000000084900000| PB 0x0000000084900000| Complete 
|  74|0x0000000084a00000, 0x0000000084b00000, 0x0000000084b00000|100%| E|CS|TAMS 0x0000000084a00000| PB 0x0000000084a00000| Complete 
|  75|0x0000000084b00000, 0x0000000084c00000, 0x0000000084c00000|100%| E|CS|TAMS 0x0000000084b00000| PB 0x0000000084b00000| Complete 
|  76|0x0000000084c00000, 0x0000000084d00000, 0x0000000084d00000|100%| E|CS|TAMS 0x0000000084c00000| PB 0x0000000084c00000| Complete 
|  77|0x0000000084d00000, 0x0000000084e00000, 0x0000000084e00000|100%| E|CS|TAMS 0x0000000084d00000| PB 0x0000000084d00000| Complete 
|  78|0x0000000084e00000, 0x0000000084f00000, 0x0000000084f00000|100%| E|CS|TAMS 0x0000000084e00000| PB 0x0000000084e00000| Complete 
|  79|0x0000000084f00000, 0x0000000085000000, 0x0000000085000000|100%| E|CS|TAMS 0x0000000084f00000| PB 0x0000000084f00000| Complete 
|  80|0x0000000085000000, 0x0000000085100000, 0x0000000085100000|100%| E|CS|TAMS 0x0000000085000000| PB 0x0000000085000000| Complete 
|  81|0x0000000085100000, 0x0000000085200000, 0x0000000085200000|100%| E|CS|TAMS 0x0000000085100000| PB 0x0000000085100000| Complete 
|  82|0x0000000085200000, 0x0000000085300000, 0x0000000085300000|100%| E|CS|TAMS 0x0000000085200000| PB 0x0000000085200000| Complete 
| 156|0x0000000089c00000, 0x0000000089d00000, 0x0000000089d00000|100%| E|CS|TAMS 0x0000000089c00000| PB 0x0000000089c00000| Complete 
| 157|0x0000000089d00000, 0x0000000089e00000, 0x0000000089e00000|100%| E|CS|TAMS 0x0000000089d00000| PB 0x0000000089d00000| Complete 
| 158|0x0000000089e00000, 0x0000000089f00000, 0x0000000089f00000|100%| E|CS|TAMS 0x0000000089e00000| PB 0x0000000089e00000| Complete 
| 159|0x0000000089f00000, 0x000000008a000000, 0x000000008a000000|100%| E|CS|TAMS 0x0000000089f00000| PB 0x0000000089f00000| Complete 
| 160|0x000000008a000000, 0x000000008a100000, 0x000000008a100000|100%| E|CS|TAMS 0x000000008a000000| PB 0x000000008a000000| Complete 
| 161|0x000000008a100000, 0x000000008a200000, 0x000000008a200000|100%| E|CS|TAMS 0x000000008a100000| PB 0x000000008a100000| Complete 
| 162|0x000000008a200000, 0x000000008a300000, 0x000000008a300000|100%| E|CS|TAMS 0x000000008a200000| PB 0x000000008a200000| Complete 
| 163|0x000000008a300000, 0x000000008a400000, 0x000000008a400000|100%| E|CS|TAMS 0x000000008a300000| PB 0x000000008a300000| Complete 
| 164|0x000000008a400000, 0x000000008a500000, 0x000000008a500000|100%| E|CS|TAMS 0x000000008a400000| PB 0x000000008a400000| Complete 
| 165|0x000000008a500000, 0x000000008a600000, 0x000000008a600000|100%| E|CS|TAMS 0x000000008a500000| PB 0x000000008a500000| Complete 
| 166|0x000000008a600000, 0x000000008a700000, 0x000000008a700000|100%| E|CS|TAMS 0x000000008a600000| PB 0x000000008a600000| Complete 
| 167|0x000000008a700000, 0x000000008a800000, 0x000000008a800000|100%| E|CS|TAMS 0x000000008a700000| PB 0x000000008a700000| Complete 
| 252|0x000000008fc00000, 0x000000008fd00000, 0x000000008fd00000|100%| E|CS|TAMS 0x000000008fc00000| PB 0x000000008fc00000| Complete 
| 253|0x000000008fd00000, 0x000000008fe00000, 0x000000008fe00000|100%| E|CS|TAMS 0x000000008fd00000| PB 0x000000008fd00000| Complete 
|2042|0x00000000ffa00000, 0x00000000ffb00000, 0x00000000ffb00000|100%| O|  |TAMS 0x00000000ffa00000| PB 0x00000000ffa00000| Untracked 
|2043|0x00000000ffb00000, 0x00000000ffc00000, 0x00000000ffc00000|100%| O|  |TAMS 0x00000000ffb00000| PB 0x00000000ffb00000| Untracked 
|2044|0x00000000ffc00000, 0x00000000ffd00000, 0x00000000ffd00000|100%| O|  |TAMS 0x00000000ffc00000| PB 0x00000000ffc00000| Untracked 
|2045|0x00000000ffd00000, 0x00000000ffe00000, 0x00000000ffe00000|100%| O|  |TAMS 0x00000000ffd00000| PB 0x00000000ffd00000| Untracked 
|2046|0x00000000ffe00000, 0x00000000fff00000, 0x00000000fff00000|100%| O|  |TAMS 0x00000000ffe00000| PB 0x00000000ffe00000| Untracked 
|2047|0x00000000fff00000, 0x0000000100000000, 0x0000000100000000|100%| O|  |TAMS 0x00000000fff00000| PB 0x00000000fff00000| Untracked 

Card table byte_map: [0x000002814a3b0000,0x000002814a7b0000] _byte_map_base: 0x0000028149fb0000

Marking Bits: (CMBitMap*) 0x000002813233c940
 Bits: [0x000002814a7b0000, 0x000002814c7b0000)

Polling page: 0x000002812ffd0000

Metaspace:

Usage:
  Non-class:     28.18 MB used.
      Class:      4.76 MB used.
       Both:     32.93 MB used.

Virtual space:
  Non-class space:       64.00 MB reserved,      28.69 MB ( 45%) committed,  1 nodes.
      Class space:        1.00 GB reserved,       5.19 MB ( <1%) committed,  1 nodes.
             Both:        1.06 GB reserved,      33.88 MB (  3%) committed. 

Chunk freelists:
   Non-Class:  2.41 MB
       Class:  10.70 MB
        Both:  13.11 MB

MaxMetaspaceSize: unlimited
CompressedClassSpaceSize: 1.00 GB
Initial GC threshold: 21.00 MB
Current GC threshold: 35.12 MB
CDS: on
 - commit_granule_bytes: 65536.
 - commit_granule_words: 8192.
 - virtual_space_node_default_size: 8388608.
 - enlarge_chunks_in_place: 1.
 - use_allocation_guard: 0.


Internal statistics:

num_allocs_failed_limit: 3.
num_arena_births: 1516.
num_arena_deaths: 0.
num_vsnodes_births: 2.
num_vsnodes_deaths: 0.
num_space_committed: 542.
num_space_uncommitted: 0.
num_chunks_returned_to_freelist: 3.
num_chunks_taken_from_freelist: 2958.
num_chunk_merges: 3.
num_chunk_splits: 1924.
num_chunks_enlarged: 1232.
num_inconsistent_stats: 0.

CodeHeap 'non-profiled nmethods': size=119168Kb used=2813Kb max_used=2813Kb free=116354Kb
 bounds [0x00000281422d0000, 0x0000028142590000, 0x0000028149730000]
CodeHeap 'profiled nmethods': size=119104Kb used=9621Kb max_used=9621Kb free=109482Kb
 bounds [0x000002813a730000, 0x000002813b0a0000, 0x0000028141b80000]
CodeHeap 'non-nmethods': size=7488Kb used=3618Kb max_used=3705Kb free=3869Kb
 bounds [0x0000028141b80000, 0x0000028141f30000, 0x00000281422d0000]
 total_blobs=5512 nmethods=4813 adapters=600
 compilation: enabled
              stopped_count=0, restarted_count=0
 full_count=0

Compilation events (20 events):
Event: 7.813 Thread 0x0000028199368f20 nmethod 4523 0x000002814258a490 code [0x000002814258a6e0, 0x000002814258ad78]
Event: 7.814 Thread 0x0000028199909700 nmethod 4774 0x000002814258b290 code [0x000002814258b420, 0x000002814258b680]
Event: 7.815 Thread 0x0000028199368f20 4755       4       java.lang.String::<init> (22 bytes)
Event: 7.816 Thread 0x000002819948f910 nmethod 4796 0x000002814258b710 code [0x000002814258b8c0, 0x000002814258bb10]
Event: 7.818 Thread 0x0000028199368f20 nmethod 4755 0x000002814258bd10 code [0x000002814258bec0, 0x000002814258c048]
Event: 7.820 Thread 0x0000028199904ce0 nmethod 4794 0x000002814258c210 code [0x000002814258c400, 0x000002814258c758]
Event: 7.821 Thread 0x000002819a4f8950 nmethod 4793 0x000002814258cb10 code [0x000002814258cd20, 0x000002814258d1e0]
Event: 7.822 Thread 0x000002814fad99b0 nmethod 4700 0x000002814258d710 code [0x000002814258d8c0, 0x000002814258df28]
Event: 7.882 Thread 0x00000281957f6fa0 4798       3       java.util.concurrent.locks.AbstractQueuedSynchronizer$Node::clearStatus (12 bytes)
Event: 7.882 Thread 0x000002814f929f20 4799       3       jdk.internal.misc.Unsafe::putIntOpaque (9 bytes)
Event: 7.882 Thread 0x00000281957f6fa0 nmethod 4798 0x000002813b089910 code [0x000002813b089ac0, 0x000002813b089c80]
Event: 7.882 Thread 0x000002814f929f20 nmethod 4799 0x000002813b089d10 code [0x000002813b089ea0, 0x000002813b089fb8]
Event: 7.898 Thread 0x00000281957f6fa0 4800   !   3       java.util.concurrent.locks.LockSupport::parkNanos (56 bytes)
Event: 7.898 Thread 0x00000281957f6fa0 nmethod 4800 0x000002813b08a090 code [0x000002813b08a2a0, 0x000002813b08a6f8]
Event: 7.929 Thread 0x00000281957f6fa0 4801   !   3       java.util.concurrent.locks.AbstractQueuedSynchronizer::acquire (424 bytes)
Event: 7.930 Thread 0x000002814f929f20 4802       3       java.util.concurrent.locks.ReentrantLock::lockInterruptibly (8 bytes)
Event: 7.930 Thread 0x000002814ecc77f0 4803       3       java.util.concurrent.locks.ReentrantLock$Sync::lockInterruptibly (27 bytes)
Event: 7.930 Thread 0x00000281957f6fa0 nmethod 4801 0x000002813b08a910 code [0x000002813b08ace0, 0x000002813b08c790]
Event: 8.053 Thread 0x0000028195e54560 4804       3       java.util.concurrent.locks.AbstractQueuedSynchronizer$ConditionObject::awaitNanos (207 bytes)
Event: 8.164 Thread 0x00000281957f6fa0 4805   !   3       java.util.concurrent.LinkedBlockingQueue::poll (128 bytes)

GC Heap History (12 events):
Event: 3.011 GC heap before
{Heap before GC invocations=0 (full 0):
 garbage-first heap   total 260096K, used 22528K [0x0000000080000000, 0x0000000100000000)
  region size 1024K, 23 young (23552K), 0 survivors (0K)
 Metaspace       used 1091K, committed 1216K, reserved 1114112K
  class space    used 78K, committed 128K, reserved 1048576K
}
Event: 3.013 GC heap after
{Heap after GC invocations=1 (full 0):
 garbage-first heap   total 260096K, used 2541K [0x0000000080000000, 0x0000000100000000)
  region size 1024K, 3 young (3072K), 3 survivors (3072K)
 Metaspace       used 1091K, committed 1216K, reserved 1114112K
  class space    used 78K, committed 128K, reserved 1048576K
}
Event: 3.494 GC heap before
{Heap before GC invocations=1 (full 0):
 garbage-first heap   total 260096K, used 41453K [0x0000000080000000, 0x0000000100000000)
  region size 1024K, 39 young (39936K), 3 survivors (3072K)
 Metaspace       used 4496K, committed 4736K, reserved 1114112K
  class space    used 552K, committed 640K, reserved 1048576K
}
Event: 3.497 GC heap after
{Heap after GC invocations=2 (full 0):
 garbage-first heap   total 260096K, used 10875K [0x0000000080000000, 0x0000000100000000)
  region size 1024K, 5 young (5120K), 5 survivors (5120K)
 Metaspace       used 4496K, committed 4736K, reserved 1114112K
  class space    used 552K, committed 640K, reserved 1048576K
}
Event: 3.925 GC heap before
{Heap before GC invocations=2 (full 0):
 garbage-first heap   total 260096K, used 63099K [0x0000000080000000, 0x0000000100000000)
  region size 1024K, 54 young (55296K), 5 survivors (5120K)
 Metaspace       used 6764K, committed 7040K, reserved 1114112K
  class space    used 885K, committed 1024K, reserved 1048576K
}
Event: 3.929 GC heap after
{Heap after GC invocations=3 (full 0):
 garbage-first heap   total 260096K, used 18086K [0x0000000080000000, 0x0000000100000000)
  region size 1024K, 6 young (6144K), 6 survivors (6144K)
 Metaspace       used 6764K, committed 7040K, reserved 1114112K
  class space    used 885K, committed 1024K, reserved 1048576K
}
Event: 5.176 GC heap before
{Heap before GC invocations=3 (full 0):
 garbage-first heap   total 260096K, used 98982K [0x0000000080000000, 0x0000000100000000)
  region size 1024K, 86 young (88064K), 6 survivors (6144K)
 Metaspace       used 20830K, committed 21504K, reserved 1114112K
  class space    used 3011K, committed 3328K, reserved 1048576K
}
Event: 5.181 GC heap after
{Heap after GC invocations=4 (full 0):
 garbage-first heap   total 260096K, used 24211K [0x0000000080000000, 0x0000000100000000)
  region size 1024K, 12 young (12288K), 12 survivors (12288K)
 Metaspace       used 20830K, committed 21504K, reserved 1114112K
  class space    used 3011K, committed 3328K, reserved 1048576K
}
Event: 6.068 GC heap before
{Heap before GC invocations=5 (full 0):
 garbage-first heap   total 89088K, used 87699K [0x0000000080000000, 0x0000000100000000)
  region size 1024K, 75 young (76800K), 12 survivors (12288K)
 Metaspace       used 30125K, committed 31040K, reserved 1114112K
  class space    used 4339K, committed 4800K, reserved 1048576K
}
Event: 6.073 GC heap after
{Heap after GC invocations=6 (full 0):
 garbage-first heap   total 105472K, used 28017K [0x0000000080000000, 0x0000000100000000)
  region size 1024K, 10 young (10240K), 10 survivors (10240K)
 Metaspace       used 30125K, committed 31040K, reserved 1114112K
  class space    used 4339K, committed 4800K, reserved 1048576K
}
Event: 7.591 GC heap before
{Heap before GC invocations=6 (full 0):
 garbage-first heap   total 105472K, used 79217K [0x0000000080000000, 0x0000000100000000)
  region size 1024K, 61 young (62464K), 10 survivors (10240K)
 Metaspace       used 32969K, committed 33920K, reserved 1114112K
  class space    used 4790K, committed 5248K, reserved 1048576K
}
Event: 7.595 GC heap after
{Heap after GC invocations=7 (full 0):
 garbage-first heap   total 105472K, used 30883K [0x0000000080000000, 0x0000000100000000)
  region size 1024K, 7 young (7168K), 7 survivors (7168K)
 Metaspace       used 32969K, committed 33920K, reserved 1114112K
  class space    used 4790K, committed 5248K, reserved 1048576K
}

Dll operation events (15 events):
Event: 0.008 Loaded shared library C:\Program Files\Java\jdk-21\bin\java.dll
Event: 1.687 Loaded shared library C:\Program Files\Java\jdk-21\bin\jsvml.dll
Event: 1.721 Loaded shared library C:\Program Files\Java\jdk-21\bin\zip.dll
Event: 1.725 Loaded shared library C:\Program Files\Java\jdk-21\bin\instrument.dll
Event: 1.728 Loaded shared library C:\Program Files\Java\jdk-21\bin\net.dll
Event: 1.730 Loaded shared library C:\Program Files\Java\jdk-21\bin\nio.dll
Event: 1.732 Loaded shared library C:\Program Files\Java\jdk-21\bin\zip.dll
Event: 2.954 Loaded shared library C:\Program Files\Java\jdk-21\bin\jimage.dll
Event: 3.152 Loaded shared library C:\Program Files\Java\jdk-21\bin\verify.dll
Event: 3.223 Loaded shared library C:\Users\Admin\.gradle\native\1def1411415f61bf3af743bc5b6707747c0891f09f0c88961ee8f79bc544acac\windows-amd64\native-platform.dll
Event: 3.228 Loaded shared library C:\Users\Admin\.gradle\native\0.2.7\x86_64-windows-gnu\gradle-fileevents.dll
Event: 3.886 Loaded shared library C:\Program Files\Java\jdk-21\bin\management.dll
Event: 3.889 Loaded shared library C:\Program Files\Java\jdk-21\bin\management_ext.dll
Event: 4.017 Loaded shared library C:\Program Files\Java\jdk-21\bin\extnet.dll
Event: 4.191 Loaded shared library C:\Program Files\Java\jdk-21\bin\sunmscapi.dll

Deoptimization events (20 events):
Event: 7.579 Thread 0x0000028196e4d200 Uncommon trap: trap_request=0xffffffde fr.pc=0x0000028142415724 relative=0x0000000000000da4
Event: 7.579 Thread 0x0000028196e4d200 Uncommon trap: reason=class_check action=maybe_recompile pc=0x0000028142415724 method=java.util.concurrent.ConcurrentHashMap.putVal(Ljava/lang/Object;Ljava/lang/Object;Z)Ljava/lang/Object; @ 159 c2
Event: 7.580 Thread 0x0000028196e4d200 DEOPT PACKING pc=0x0000028142415724 sp=0x000000e9d53f6100
Event: 7.580 Thread 0x0000028196e4d200 DEOPT UNPACKING pc=0x0000028141bd46a2 sp=0x000000e9d53f6080 mode 2
Event: 7.582 Thread 0x0000028196e4d200 Uncommon trap: trap_request=0xffffffde fr.pc=0x0000028142415724 relative=0x0000000000000da4
Event: 7.582 Thread 0x0000028196e4d200 Uncommon trap: reason=class_check action=maybe_recompile pc=0x0000028142415724 method=java.util.concurrent.ConcurrentHashMap.putVal(Ljava/lang/Object;Ljava/lang/Object;Z)Ljava/lang/Object; @ 159 c2
Event: 7.582 Thread 0x0000028196e4d200 DEOPT PACKING pc=0x0000028142415724 sp=0x000000e9d53f5f10
Event: 7.582 Thread 0x0000028196e4d200 DEOPT UNPACKING pc=0x0000028141bd46a2 sp=0x000000e9d53f5e90 mode 2
Event: 7.607 Thread 0x0000028196e4d200 Uncommon trap: trap_request=0xffffffde fr.pc=0x0000028142415724 relative=0x0000000000000da4
Event: 7.608 Thread 0x0000028196e4d200 Uncommon trap: reason=class_check action=maybe_recompile pc=0x0000028142415724 method=java.util.concurrent.ConcurrentHashMap.putVal(Ljava/lang/Object;Ljava/lang/Object;Z)Ljava/lang/Object; @ 159 c2
Event: 7.608 Thread 0x0000028196e4d200 DEOPT PACKING pc=0x0000028142415724 sp=0x000000e9d53f5a00
Event: 7.608 Thread 0x0000028196e4d200 DEOPT UNPACKING pc=0x0000028141bd46a2 sp=0x000000e9d53f5980 mode 2
Event: 7.625 Thread 0x0000028196e4d200 Uncommon trap: trap_request=0xffffff45 fr.pc=0x00000281424206dc relative=0x000000000000029c
Event: 7.625 Thread 0x0000028196e4d200 Uncommon trap: reason=unstable_if action=reinterpret pc=0x00000281424206dc method=java.util.concurrent.ConcurrentHashMap.get(Ljava/lang/Object;)Ljava/lang/Object; @ 152 c2
Event: 7.625 Thread 0x0000028196e4d200 DEOPT PACKING pc=0x00000281424206dc sp=0x000000e9d53f6250
Event: 7.625 Thread 0x0000028196e4d200 DEOPT UNPACKING pc=0x0000028141bd46a2 sp=0x000000e9d53f61b8 mode 2
Event: 7.625 Thread 0x0000028196e4d200 Uncommon trap: trap_request=0xffffffde fr.pc=0x0000028142551590 relative=0x0000000000000450
Event: 7.625 Thread 0x0000028196e4d200 Uncommon trap: reason=class_check action=maybe_recompile pc=0x0000028142551590 method=groovyjarjarantlr4.v4.runtime.atn.ATNConfig.equals(Lgroovyjarjarantlr4/v4/runtime/atn/ATNConfig;)Z @ 74 c2
Event: 7.625 Thread 0x0000028196e4d200 DEOPT PACKING pc=0x0000028142551590 sp=0x000000e9d53f6000
Event: 7.625 Thread 0x0000028196e4d200 DEOPT UNPACKING pc=0x0000028141bd46a2 sp=0x000000e9d53f5f30 mode 2

Classes loaded (20 events):
Event: 7.423 Loading class java/util/stream/Nodes$IntFixedNodeBuilder
Event: 7.424 Loading class java/util/stream/Node$Builder$OfInt
Event: 7.424 Loading class java/util/stream/Node$Builder$OfInt done
Event: 7.424 Loading class java/util/stream/Nodes$IntArrayNode
Event: 7.424 Loading class java/util/stream/Nodes$IntArrayNode done
Event: 7.424 Loading class java/util/stream/Nodes$IntFixedNodeBuilder done
Event: 7.424 Loading class java/util/stream/SortedOps$SizedIntSortingSink
Event: 7.424 Loading class java/util/stream/SortedOps$AbstractIntSortingSink
Event: 7.424 Loading class java/util/stream/SortedOps$AbstractIntSortingSink done
Event: 7.424 Loading class java/util/stream/SortedOps$SizedIntSortingSink done
Event: 7.424 Loading class java/util/stream/ReferencePipeline$4$1
Event: 7.425 Loading class java/util/stream/ReferencePipeline$4$1 done
Event: 7.670 Loading class java/util/stream/ReduceOps$9
Event: 7.670 Loading class java/util/stream/ReduceOps$9 done
Event: 7.670 Loading class java/util/stream/ReduceOps$CountingSink$OfInt
Event: 7.671 Loading class java/util/stream/ReduceOps$CountingSink
Event: 7.671 Loading class java/util/stream/ReduceOps$CountingSink done
Event: 7.671 Loading class java/util/stream/ReduceOps$CountingSink$OfInt done
Event: 7.821 Loading class java/util/LinkedList$LLSpliterator
Event: 7.821 Loading class java/util/LinkedList$LLSpliterator done

Classes unloaded (0 events):
No events

Classes redefined (0 events):
No events

Internal exceptions (20 events):
Event: 5.530 Thread 0x0000028196e52180 Exception <a 'java/lang/NoSuchMethodError'{0x000000008fc21bf0}: static Lorg/gradle/internal/build/event/types/DefaultSuccessResult;.<clinit>()V> (0x000000008fc21bf0) 
thrown [s\open\src\hotspot\share\prims\jni.cpp, line 1106]
Event: 5.530 Thread 0x0000028196e52180 Exception <a 'java/lang/NoSuchMethodError'{0x000000008fc228e8}: static Lorg/gradle/internal/build/event/types/AbstractOperationResult;.<clinit>()V> (0x000000008fc228e8) 
thrown [s\open\src\hotspot\share\prims\jni.cpp, line 1106]
Event: 5.530 Thread 0x0000028196e52180 Exception <a 'java/lang/NoSuchMethodError'{0x000000008fc23900}: static Lorg/gradle/internal/build/event/types/AbstractResult;.<clinit>()V> (0x000000008fc23900) 
thrown [s\open\src\hotspot\share\prims\jni.cpp, line 1106]
Event: 5.541 Thread 0x0000028196e4d200 Exception <a 'java/lang/NoSuchMethodError'{0x00000000830452a8}: 'java.lang.Object java.lang.invoke.DirectMethodHandle$Holder.newInvokeSpecial(java.lang.Object, java.lang.Object, java.lang.Object, int)'> (0x00000000830452a8) 
thrown [s\open\src\hotspot\share\interpreter\linkResolver.cpp, line 773]
Event: 5.541 Thread 0x0000028196e4d200 Exception <a 'java/lang/NoSuchMethodError'{0x00000000830496b0}: 'java.lang.Object java.lang.invoke.DirectMethodHandle$Holder.invokeSpecial(java.lang.Object, java.lang.Object, java.lang.Object, java.lang.Object, int)'> (0x00000000830496b0) 
thrown [s\open\src\hotspot\share\interpreter\linkResolver.cpp, line 773]
Event: 5.541 Thread 0x0000028196e4d200 Exception <a 'java/lang/NoSuchMethodError'{0x000000008304d2a8}: 'java.lang.Object java.lang.invoke.Invokers$Holder.linkToTargetMethod(java.lang.Object, java.lang.Object, int, java.lang.Object)'> (0x000000008304d2a8) 
thrown [s\open\src\hotspot\share\interpreter\linkResolver.cpp, line 773]
Event: 5.545 Thread 0x0000028196e4d200 Exception <a 'java/lang/NoSuchMethodError'{0x00000000830759b0}: 'java.lang.Object java.lang.invoke.DirectMethodHandle$Holder.invokeStatic(java.lang.Object, java.lang.Object, int, java.lang.Object)'> (0x00000000830759b0) 
thrown [s\open\src\hotspot\share\interpreter\linkResolver.cpp, line 773]
Event: 5.585 Thread 0x0000028196e4d200 Exception <a 'java/lang/NoSuchMethodError'{0x0000000082e2dd68}: 'void java.lang.invoke.DirectMethodHandle$Holder.invokeStaticInit(java.lang.Object, java.lang.Object, java.lang.Object, java.lang.Object)'> (0x0000000082e2dd68) 
thrown [s\open\src\hotspot\share\interpreter\linkResolver.cpp, line 773]
Event: 5.683 Thread 0x0000028196e4d200 Exception <a 'java/lang/NoSuchMethodError'{0x00000000829fe878}: 'void java.lang.invoke.DirectMethodHandle$Holder.invokeInterface(java.lang.Object, java.lang.Object, java.lang.Object, java.lang.Object, java.lang.Object)'> (0x00000000829fe878) 
thrown [s\open\src\hotspot\share\interpreter\linkResolver.cpp, line 773]
Event: 5.687 Thread 0x0000028196e4d200 Exception <a 'java/lang/NoSuchMethodError'{0x000000008283dad0}: 'void java.lang.invoke.DirectMethodHandle$Holder.invokeStatic(java.lang.Object, java.lang.Object, java.lang.Object, java.lang.Object, java.lang.Object, java.lang.Object)'> (0x000000008283dad0) 
thrown [s\open\src\hotspot\share\interpreter\linkResolver.cpp, line 773]
Event: 5.812 Thread 0x0000028196e4d200 Exception <a 'java/lang/IncompatibleClassChangeError'{0x000000008201fc88}: Found class java.lang.Object, but interface was expected> (0x000000008201fc88) 
thrown [s\open\src\hotspot\share\interpreter\linkResolver.cpp, line 840]
Event: 5.829 Thread 0x0000028196e4d200 Exception <a 'java/lang/NoSuchMethodError'{0x00000000820dcb48}: 'java.lang.Object java.lang.invoke.DirectMethodHandle$Holder.newInvokeSpecial(java.lang.Object, java.lang.Object, long)'> (0x00000000820dcb48) 
thrown [s\open\src\hotspot\share\interpreter\linkResolver.cpp, line 773]
Event: 5.829 Thread 0x0000028196e4d200 Exception <a 'java/lang/NoSuchMethodError'{0x00000000820e11b0}: 'java.lang.Object java.lang.invoke.Invokers$Holder.linkToTargetMethod(java.lang.Object, long, java.lang.Object)'> (0x00000000820e11b0) 
thrown [s\open\src\hotspot\share\interpreter\linkResolver.cpp, line 773]
Event: 5.848 Thread 0x0000028196e4d200 Exception <a 'java/lang/NoSuchMethodError'{0x0000000081e5fea8}: 'int java.lang.invoke.DirectMethodHandle$Holder.invokeInterface(java.lang.Object, java.lang.Object)'> (0x0000000081e5fea8) 
thrown [s\open\src\hotspot\share\interpreter\linkResolver.cpp, line 773]
Event: 5.860 Thread 0x0000028196e4d200 Exception <a 'java/lang/IncompatibleClassChangeError'{0x0000000081d767e0}: Found class java.lang.Object, but interface was expected> (0x0000000081d767e0) 
thrown [s\open\src\hotspot\share\interpreter\linkResolver.cpp, line 840]
Event: 5.878 Thread 0x0000028196e4d200 Exception <a 'java/lang/NoSuchMethodError'{0x0000000081c7bdd8}: 'void java.lang.invoke.DirectMethodHandle$Holder.invokeVirtual(java.lang.Object, java.lang.Object)'> (0x0000000081c7bdd8) 
thrown [s\open\src\hotspot\share\interpreter\linkResolver.cpp, line 773]
Event: 5.932 Thread 0x0000028196e4d200 Exception <a 'java/lang/NoSuchMethodError'{0x0000000081636f40}: 'java.lang.Object java.lang.invoke.DirectMethodHandle$Holder.invokeStaticInit(java.lang.Object, java.lang.Object, java.lang.Object)'> (0x0000000081636f40) 
thrown [s\open\src\hotspot\share\interpreter\linkResolver.cpp, line 773]
Event: 5.943 Thread 0x0000028196e4d200 Exception <a 'java/lang/NoSuchMethodError'{0x0000000081536080}: 'void java.lang.invoke.DirectMethodHandle$Holder.invokeStaticInit(java.lang.Object, java.lang.Object, java.lang.Object)'> (0x0000000081536080) 
thrown [s\open\src\hotspot\share\interpreter\linkResolver.cpp, line 773]
Event: 5.945 Thread 0x0000028196e4d200 Exception <a 'java/lang/NoSuchMethodError'{0x000000008155a8a0}: 'void java.lang.invoke.DirectMethodHandle$Holder.invokeStaticInit(java.lang.Object, java.lang.Object, java.lang.Object, java.lang.Object, java.lang.Object)'> (0x000000008155a8a0) 
thrown [s\open\src\hotspot\share\interpreter\linkResolver.cpp, line 773]
Event: 6.123 Thread 0x0000028196e4d200 Exception <a 'java/lang/NoSuchMethodError'{0x0000000084699fe8}: 'void java.lang.invoke.Invokers$Holder.invokeExact_MT(java.lang.Object, java.lang.Object, java.lang.Object, java.lang.Object)'> (0x0000000084699fe8) 
thrown [s\open\src\hotspot\share\interpreter\linkResolver.cpp, line 773]

ZGC Phase Switch (0 events):
No events

VM Operations (20 events):
Event: 6.055 Executing VM operation: HandshakeAllThreads (Deoptimize) done
Event: 6.068 Executing VM operation: G1CollectForAllocation (G1 Evacuation Pause)
Event: 6.073 Executing VM operation: G1CollectForAllocation (G1 Evacuation Pause) done
Event: 7.079 Executing VM operation: Cleanup
Event: 7.079 Executing VM operation: Cleanup done
Event: 7.409 Executing VM operation: HandshakeAllThreads (Deoptimize)
Event: 7.409 Executing VM operation: HandshakeAllThreads (Deoptimize) done
Event: 7.423 Executing VM operation: HandshakeAllThreads (Deoptimize)
Event: 7.423 Executing VM operation: HandshakeAllThreads (Deoptimize) done
Event: 7.428 Executing VM operation: HandshakeAllThreads (Deoptimize)
Event: 7.428 Executing VM operation: HandshakeAllThreads (Deoptimize) done
Event: 7.463 Executing VM operation: HandshakeAllThreads (Deoptimize)
Event: 7.463 Executing VM operation: HandshakeAllThreads (Deoptimize) done
Event: 7.467 Executing VM operation: ICBufferFull
Event: 7.479 Executing VM operation: ICBufferFull done
Event: 7.553 Executing VM operation: ICBufferFull
Event: 7.553 Executing VM operation: ICBufferFull done
Event: 7.591 Executing VM operation: G1CollectForAllocation (G1 Evacuation Pause)
Event: 7.595 Executing VM operation: G1CollectForAllocation (G1 Evacuation Pause) done
Event: 8.601 Executing VM operation: Cleanup

Events (20 events):
Event: 4.277 Thread 0x0000028196e4f390 Thread added: 0x0000028196e4f390
Event: 4.282 Thread 0x0000028196e4fa20 Thread added: 0x0000028196e4fa20
Event: 4.283 Thread 0x0000028196e52180 Thread added: 0x0000028196e52180
Event: 4.590 Thread 0x0000028196e50740 Thread added: 0x0000028196e50740
Event: 4.598 Thread 0x0000028196e51af0 Thread added: 0x0000028196e51af0
Event: 4.621 Thread 0x0000028196e4ed00 Thread added: 0x0000028196e4ed00
Event: 4.623 Thread 0x000002814fb87f10 Thread exited: 0x000002814fb87f10
Event: 5.195 Thread 0x00000281950ce100 Thread exited: 0x00000281950ce100
Event: 5.317 Thread 0x0000028196e50dd0 Thread added: 0x0000028196e50dd0
Event: 5.336 Thread 0x0000028196e51460 Thread added: 0x0000028196e51460
Event: 5.513 Thread 0x00000281975f4b40 Thread added: 0x00000281975f4b40
Event: 5.520 Thread 0x00000281975f2a70 Thread added: 0x00000281975f2a70
Event: 5.735 Thread 0x00000281950cda50 Thread exited: 0x00000281950cda50
Event: 5.950 Thread 0x00000281993db5c0 Thread added: 0x00000281993db5c0
Event: 6.083 Thread 0x000002819948f910 Thread added: 0x000002819948f910
Event: 6.100 Thread 0x0000028199368f20 Thread added: 0x0000028199368f20
Event: 7.284 Thread 0x00000281975f1d50 Thread added: 0x00000281975f1d50
Event: 7.483 Thread 0x0000028199909700 Thread added: 0x0000028199909700
Event: 7.483 Thread 0x0000028199904ce0 Thread added: 0x0000028199904ce0
Event: 7.542 Thread 0x000002819a4f8950 Thread added: 0x000002819a4f8950


Dynamic libraries:
0x00007ff7f1cc0000 - 0x00007ff7f1cd0000 	C:\Program Files\Java\jdk-21\bin\java.exe
0x00007ffec5e20000 - 0x00007ffec6085000 	C:\WINDOWS\SYSTEM32\ntdll.dll
0x00007ffec3c90000 - 0x00007ffec3d59000 	C:\WINDOWS\System32\KERNEL32.DLL
0x00007ffec30a0000 - 0x00007ffec3488000 	C:\WINDOWS\System32\KERNELBASE.dll
0x00007ffec3600000 - 0x00007ffec374b000 	C:\WINDOWS\System32\ucrtbase.dll
0x00007ffe70e50000 - 0x00007ffe70e6b000 	C:\Program Files\Java\jdk-21\bin\VCRUNTIME140.dll
0x00007ffe6fa10000 - 0x00007ffe6fa29000 	C:\Program Files\Java\jdk-21\bin\jli.dll
0x00007ffec41f0000 - 0x00007ffec42a3000 	C:\WINDOWS\System32\ADVAPI32.dll
0x00007ffec3bc0000 - 0x00007ffec3c69000 	C:\WINDOWS\System32\msvcrt.dll
0x00007ffec5bf0000 - 0x00007ffec5c96000 	C:\WINDOWS\System32\sechost.dll
0x00007ffec4d70000 - 0x00007ffec4e85000 	C:\WINDOWS\System32\RPCRT4.dll
0x00007ffec4f80000 - 0x00007ffec514a000 	C:\WINDOWS\System32\USER32.dll
0x00007ffea8710000 - 0x00007ffea89aa000 	C:\WINDOWS\WinSxS\amd64_microsoft.windows.common-controls_6595b64144ccf1df_6.0.26100.4202_none_3e0698d4e335f517\COMCTL32.dll
0x00007ffec3750000 - 0x00007ffec3777000 	C:\WINDOWS\System32\win32u.dll
0x00007ffec5da0000 - 0x00007ffec5dcb000 	C:\WINDOWS\System32\GDI32.dll
0x00007ffec3a80000 - 0x00007ffec3bb7000 	C:\WINDOWS\System32\gdi32full.dll
0x00007ffec3550000 - 0x00007ffec35f3000 	C:\WINDOWS\System32\msvcp_win.dll
0x00007ffebc2b0000 - 0x00007ffebc2bb000 	C:\WINDOWS\SYSTEM32\VERSION.dll
0x00007ffec42b0000 - 0x00007ffec42e0000 	C:\WINDOWS\System32\IMM32.DLL
0x00007ffe78b70000 - 0x00007ffe78b7c000 	C:\Program Files\Java\jdk-21\bin\vcruntime140_1.dll
0x00007ffe4da60000 - 0x00007ffe4daee000 	C:\Program Files\Java\jdk-21\bin\msvcp140.dll
0x00007ffdc5c70000 - 0x00007ffdc6983000 	C:\Program Files\Java\jdk-21\bin\server\jvm.dll
0x00007ffec5600000 - 0x00007ffec5674000 	C:\WINDOWS\System32\WS2_32.dll
0x00007ffeb3fc0000 - 0x00007ffeb3ff5000 	C:\WINDOWS\SYSTEM32\WINMM.dll
0x00007ffec2960000 - 0x00007ffec29be000 	C:\WINDOWS\SYSTEM32\POWRPROF.dll
0x00007ffec2940000 - 0x00007ffec2954000 	C:\WINDOWS\SYSTEM32\UMPDC.dll
0x00007ffec1c60000 - 0x00007ffec1c7b000 	C:\WINDOWS\SYSTEM32\kernel.appcore.dll
0x00007ffe78ad0000 - 0x00007ffe78ada000 	C:\Program Files\Java\jdk-21\bin\jimage.dll
0x00007ffebff00000 - 0x00007ffec0141000 	C:\WINDOWS\SYSTEM32\DBGHELP.DLL
0x00007ffec56b0000 - 0x00007ffec5a35000 	C:\WINDOWS\System32\combase.dll
0x00007ffec4c80000 - 0x00007ffec4d61000 	C:\WINDOWS\System32\OLEAUT32.dll
0x00007ffea8e80000 - 0x00007ffea8eb9000 	C:\WINDOWS\SYSTEM32\dbgcore.DLL
0x00007ffec3000000 - 0x00007ffec3099000 	C:\WINDOWS\System32\bcryptPrimitives.dll
0x00007ffe76430000 - 0x00007ffe7643f000 	C:\Program Files\Java\jdk-21\bin\instrument.dll
0x00007ffe6f9d0000 - 0x00007ffe6f9ef000 	C:\Program Files\Java\jdk-21\bin\java.dll
0x00007ffec4530000 - 0x00007ffec4c72000 	C:\WINDOWS\System32\SHELL32.dll
0x00007ffec3780000 - 0x00007ffec38f4000 	C:\WINDOWS\System32\wintypes.dll
0x00007ffec0bb0000 - 0x00007ffec1408000 	C:\WINDOWS\SYSTEM32\windows.storage.dll
0x00007ffec5500000 - 0x00007ffec55f1000 	C:\WINDOWS\System32\SHCORE.dll
0x00007ffec5a40000 - 0x00007ffec5aaa000 	C:\WINDOWS\System32\shlwapi.dll
0x00007ffec2e80000 - 0x00007ffec2eaf000 	C:\WINDOWS\SYSTEM32\profapi.dll
0x00007ffe37db0000 - 0x00007ffe37e87000 	C:\Program Files\Java\jdk-21\bin\jsvml.dll
0x00007ffe6eab0000 - 0x00007ffe6eac8000 	C:\Program Files\Java\jdk-21\bin\zip.dll
0x00007ffe75db0000 - 0x00007ffe75dc0000 	C:\Program Files\Java\jdk-21\bin\net.dll
0x00007ffeb8d20000 - 0x00007ffeb8e3e000 	C:\WINDOWS\SYSTEM32\WINHTTP.dll
0x00007ffec22a0000 - 0x00007ffec230a000 	C:\WINDOWS\system32\mswsock.dll
0x00007ffe6dc30000 - 0x00007ffe6dc46000 	C:\Program Files\Java\jdk-21\bin\nio.dll
0x00007ffe74c80000 - 0x00007ffe74c90000 	C:\Program Files\Java\jdk-21\bin\verify.dll
0x00007ffe6e740000 - 0x00007ffe6e767000 	C:\Users\Admin\.gradle\native\1def1411415f61bf3af743bc5b6707747c0891f09f0c88961ee8f79bc544acac\windows-amd64\native-platform.dll
0x00007ffe69870000 - 0x00007ffe698e8000 	C:\Users\Admin\.gradle\native\0.2.7\x86_64-windows-gnu\gradle-fileevents.dll
0x00007ffe74170000 - 0x00007ffe7417a000 	C:\Program Files\Java\jdk-21\bin\management.dll
0x00007ffe72a40000 - 0x00007ffe72a4b000 	C:\Program Files\Java\jdk-21\bin\management_ext.dll
0x00007ffec5dd0000 - 0x00007ffec5dd8000 	C:\WINDOWS\System32\PSAPI.DLL
0x00007ffec1750000 - 0x00007ffec1783000 	C:\WINDOWS\SYSTEM32\IPHLPAPI.DLL
0x00007ffec42f0000 - 0x00007ffec42fa000 	C:\WINDOWS\System32\NSI.dll
0x00007ffe72490000 - 0x00007ffe72497000 	C:\Program Files\Java\jdk-21\bin\extnet.dll
0x00007ffec2560000 - 0x00007ffec257b000 	C:\WINDOWS\SYSTEM32\CRYPTSP.dll
0x00007ffec1c80000 - 0x00007ffec1cba000 	C:\WINDOWS\system32\rsaenh.dll
0x00007ffec2340000 - 0x00007ffec236b000 	C:\WINDOWS\SYSTEM32\USERENV.dll
0x00007ffec2e50000 - 0x00007ffec2e76000 	C:\WINDOWS\SYSTEM32\bcrypt.dll
0x00007ffec2550000 - 0x00007ffec255c000 	C:\WINDOWS\SYSTEM32\CRYPTBASE.dll
0x00007ffe6eb30000 - 0x00007ffe6eb3e000 	C:\Program Files\Java\jdk-21\bin\sunmscapi.dll
0x00007ffec3900000 - 0x00007ffec3a77000 	C:\WINDOWS\System32\CRYPT32.dll
0x00007ffec2800000 - 0x00007ffec2830000 	C:\WINDOWS\SYSTEM32\ncrypt.dll
0x00007ffec2790000 - 0x00007ffec27cf000 	C:\WINDOWS\SYSTEM32\NTASN1.dll
0x00007ffea5960000 - 0x00007ffea5968000 	C:\WINDOWS\system32\wshunix.dll

dbghelp: loaded successfully - version: 4.0.5 - missing functions: none
symbol engine: initialized successfully - sym options: 0x614 - pdb path: .;C:\Program Files\Java\jdk-21\bin;C:\WINDOWS\SYSTEM32;C:\WINDOWS\WinSxS\amd64_microsoft.windows.common-controls_6595b64144ccf1df_6.0.26100.4202_none_3e0698d4e335f517;C:\Program Files\Java\jdk-21\bin\server;C:\Users\Admin\.gradle\native\1def1411415f61bf3af743bc5b6707747c0891f09f0c88961ee8f79bc544acac\windows-amd64;C:\Users\Admin\.gradle\native\0.2.7\x86_64-windows-gnu

VM Arguments:
jvm_args: --add-opens=java.base/java.lang=ALL-UNNAMED --add-opens=java.base/java.lang.invoke=ALL-UNNAMED --add-opens=java.base/java.util=ALL-UNNAMED --add-opens=java.prefs/java.util.prefs=ALL-UNNAMED --add-exports=jdk.compiler/com.sun.tools.javac.api=ALL-UNNAMED --add-exports=jdk.compiler/com.sun.tools.javac.util=ALL-UNNAMED --add-opens=java.base/java.util=ALL-UNNAMED --add-opens=java.prefs/java.util.prefs=ALL-UNNAMED --add-opens=java.base/java.nio.charset=ALL-UNNAMED --add-opens=java.base/java.net=ALL-UNNAMED --add-opens=java.base/java.util.concurrent.atomic=ALL-UNNAMED --add-opens=java.xml/javax.xml.namespace=ALL-UNNAMED -Xmx2048m -Dfile.encoding=UTF-8 -Duser.country=US -Duser.language=en -Duser.variant -javaagent:C:\Users\Admin\.gradle\wrapper\dists\gradle-8.13-bin\5xuhj0ry160q40clulazy9h7d\gradle-8.13\lib\agents\gradle-instrumentation-agent-8.13.jar 
java_command: org.gradle.launcher.daemon.bootstrap.GradleDaemon 8.13
java_class_path (initial): C:\Users\Admin\.gradle\wrapper\dists\gradle-8.13-bin\5xuhj0ry160q40clulazy9h7d\gradle-8.13\lib\gradle-daemon-main-8.13.jar
Launcher Type: SUN_STANDARD

[Global flags]
     intx CICompilerCount                          = 12                                        {product} {ergonomic}
     uint ConcGCThreads                            = 3                                         {product} {ergonomic}
     uint G1ConcRefinementThreads                  = 13                                        {product} {ergonomic}
   size_t G1HeapRegionSize                         = 1048576                                   {product} {ergonomic}
    uintx GCDrainStackTargetSize                   = 64                                        {product} {ergonomic}
   size_t InitialHeapSize                          = 266338304                                 {product} {ergonomic}
   size_t MarkStackSize                            = 4194304                                   {product} {ergonomic}
   size_t MaxHeapSize                              = 2147483648                                {product} {command line}
   size_t MaxNewSize                               = 1287651328                                {product} {ergonomic}
   size_t MinHeapDeltaBytes                        = 1048576                                   {product} {ergonomic}
   size_t MinHeapSize                              = 8388608                                   {product} {ergonomic}
    uintx NonNMethodCodeHeapSize                   = 7602480                                {pd product} {ergonomic}
    uintx NonProfiledCodeHeapSize                  = 122027880                              {pd product} {ergonomic}
    uintx ProfiledCodeHeapSize                     = 122027880                              {pd product} {ergonomic}
    uintx ReservedCodeCacheSize                    = 251658240                              {pd product} {ergonomic}
     bool SegmentedCodeCache                       = true                                      {product} {ergonomic}
   size_t SoftMaxHeapSize                          = 2147483648                             {manageable} {ergonomic}
     bool UseCompressedOops                        = true                           {product lp64_product} {ergonomic}
     bool UseG1GC                                  = true                                      {product} {ergonomic}
     bool UseLargePagesIndividualAllocation        = false                                  {pd product} {ergonomic}

Logging:
Log output configuration:
 #0: stdout all=warning uptime,level,tags foldmultilines=false
 #1: stderr all=off uptime,level,tags foldmultilines=false

Environment Variables:
PATH=C:\Program Files\Common Files\Oracle\Java\javapath;C:\Windows\system32;C:\Windows;C:\Windows\System32\Wbem;C:\Windows\System32\WindowsPowerShell\v1.0\;C:\Windows\System32\OpenSSH\;C:\Program Files (x86)\NVIDIA Corporation\PhysX\Common;C:\WINDOWS\system32;C:\WINDOWS;C:\WINDOWS\System32\Wbem;C:\WINDOWS\System32\WindowsPowerShell\v1.0\;C:\WINDOWS\System32\OpenSSH\;C:\Program Files (x86)\Microsoft SQL Server\150\Tools\Binn\;C:\Program Files\Microsoft SQL Server\150\Tools\Binn\;C:\Program Files (x86)\Microsoft SQL Server\150\DTS\Binn\;C:\Program Files\Microsoft SQL Server\150\DTS\Binn\;C:\Program Files\Microsoft SQL Server\Client SDK\ODBC\170\Tools\Binn\;C:\Program Files\Azure Data Studio\bin;C:\Program Files\apache-maven-3.9.4-bin\apache-maven-3.9.4\bin;C:\ProgramData\chocolatey\bin;C:\WINDOWS\system32;C:\WINDOWS;C:\WINDOWS\System32\Wbem;C:\WINDOWS\System32\WindowsPowerShell\v1.0\;C:\WINDOWS\System32\OpenSSH\;D:\Free_time_game\Git\Git\cmd;C:\Program Files\dotnet\;C:\Program Files\nodejs\;C:\Program Files\Git\cmd;C:\Program Files\NVIDIA Corporation\NVIDIA app\NvDLISR;C:\Program Files\Docker\Docker\resources\bin;C:\Program Files (x86)\Microsoft SQL Server\160\DTS\Binn\;C:\Program Files\MongoDB\Server\8.0\bin;C:\Users\Admin\AppData\Local\Programs\Python\Python311\Scripts\;C:\Users\Admin\AppData\Local\Programs\Python\Python311\;C:\Users\Admin\AppData\Local\Microsoft\WindowsApps;D:\PythonCode\PyCharm Community Edition 2022.2.3\bin;;C:\Program Files\Azure Data Studio\bin;C:\Program Files\JetBrains\IntelliJ IDEA 2023.2\bin;C:\Program Files\nodejs;C:\Users\YourUsername\AppData\Roaming\npm;;D:\Free_time_game\Microsoft VS Code\bin;C:\Users\Admin\AppData\Roaming\npm;C:\Users\Admin\AppData\Local\Programs\Microsoft VS Code\bin;C:\Flutter\Src\flutter\bin;C:\Users\Admin\.dotnet\tools;K:\JetBrains Rider 2025.1.3\bin;;C:\Program Files\gradle-8.13-bin\gradle-8.13\bin;
USERNAME=Admin
OS=Windows_NT
PROCESSOR_IDENTIFIER=Intel64 Family 6 Model 154 Stepping 3, GenuineIntel
TMP=C:\Users\Admin\AppData\Local\Temp
TEMP=C:\Users\Admin\AppData\Local\Temp




---------------  S Y S T E M  ---------------

OS:
 Windows 11 , 64 bit Build 26100 (10.0.26100.4202)
OS uptime: 0 days 1:59 hours
Hyper-V role detected

CPU: total 16 (initial active 16) (8 cores per cpu, 2 threads per core) family 6 model 154 stepping 3 microcode 0x432, cx8, cmov, fxsr, ht, mmx, 3dnowpref, sse, sse2, sse3, ssse3, sse4.1, sse4.2, popcnt, lzcnt, tsc, tscinvbit, avx, avx2, aes, erms, clmul, bmi1, bmi2, adx, sha, fma, vzeroupper, clflush, clflushopt, clwb, hv, serialize, rdtscp, rdpid, fsrm, f16c, cet_ibt, cet_ss
Processor Information for processor 0
  Max Mhz: 2500, Current Mhz: 2500, Mhz Limit: 2500
Processor Information for processor 1
  Max Mhz: 2500, Current Mhz: 2500, Mhz Limit: 2500
Processor Information for processor 2
  Max Mhz: 2500, Current Mhz: 2500, Mhz Limit: 2500
Processor Information for processor 3
  Max Mhz: 2500, Current Mhz: 2500, Mhz Limit: 2500
Processor Information for processor 4
  Max Mhz: 2500, Current Mhz: 2500, Mhz Limit: 2500
Processor Information for processor 5
  Max Mhz: 2500, Current Mhz: 2500, Mhz Limit: 2500
Processor Information for processor 6
  Max Mhz: 2500, Current Mhz: 2500, Mhz Limit: 2500
Processor Information for processor 7
  Max Mhz: 2500, Current Mhz: 2500, Mhz Limit: 2500
Processor Information for processor 8
  Max Mhz: 2500, Current Mhz: 1800, Mhz Limit: 1800
Processor Information for processor 9
  Max Mhz: 2500, Current Mhz: 1800, Mhz Limit: 1800
Processor Information for processor 10
  Max Mhz: 2500, Current Mhz: 1800, Mhz Limit: 1800
Processor Information for processor 11
  Max Mhz: 2500, Current Mhz: 1800, Mhz Limit: 1800
Processor Information for processor 12
  Max Mhz: 2500, Current Mhz: 1800, Mhz Limit: 1800
Processor Information for processor 13
  Max Mhz: 2500, Current Mhz: 1800, Mhz Limit: 1800
Processor Information for processor 14
  Max Mhz: 2500, Current Mhz: 1800, Mhz Limit: 1800
Processor Information for processor 15
  Max Mhz: 2500, Current Mhz: 1800, Mhz Limit: 1800

Memory: 4k page, system-wide physical 16176M (5203M free)
TotalPageFile size 16176M (AvailPageFile size 4M)
current process WorkingSet (physical memory assigned to process): 275M, peak: 286M
current process commit charge ("private bytes"): 330M, peak: 442M

vm_info: Java HotSpot(TM) 64-Bit Server VM (21+35-LTS-2513) for windows-amd64 JRE (21+35-LTS-2513), built on 2023-08-09T20:25:10Z by "mach5one" with MS VC++ 17.1 (VS2022)

END.
